<?xml version="1.0" encoding="UTF-8"?>
<!-- Generated by org.testng.reporters.JUnitXMLReporter -->
<testsuite ignored="0" hostname="Nishchal-Ghimire9" failures="0" tests="22" name="TutorialNinja Automation TestCases" time="111.513" errors="0" timestamp="2023-06-01T11:40:03 EDT">
  <testcase classname="com.tutorials.qa.testcases.RegistrationTest" name="registerAccountWithMandatoryField" time="1.063"/>
  <testcase classname="com.tutorials.qa.testcases.RegistrationTest" name="registerWithExistingEmail" time="0.631"/>
  <testcase classname="com.tutorials.qa.testcases.RegistrationTest" name="registerAccountWithAllField" time="0.928"/>
  <testcase classname="com.tutorials.qa.testcases.RegistrationTest" name="registerAccountWithoutaggreingPrivacyPolicy" time="0.643"/>
  <testcase classname="com.tutorials.qa.testcases.RegistrationTest" name="registerAccountWithNofeilds" time="0.449"/>
  <testcase classname="com.tutorials.qa.testcases.LoginTest" name="VerifyLoginWithValidCredentials" time="0.697"/>
  <testcase classname="com.tutorials.qa.testcases.LoginTest" name="VerifyLoginWithValidCredentials" time="0.932"/>
  <testcase classname="com.tutorials.qa.testcases.LoginTest" name="VerifyLoginWithValidCredentials" time="0.757"/>
  <testcase classname="com.tutorials.qa.testcases.LoginTest" name="VerifyLoginWithValidCredentials" time="0.712"/>
  <testcase classname="com.tutorials.qa.testcases.LoginTest" name="VerifyLoginWithValidCredentials" time="0.713"/>
  <testcase classname="com.tutorials.qa.testcases.LoginTest" name="VerifyLoginWithValidCredentials" time="0.703"/>
  <testcase classname="com.tutorials.qa.testcases.LoginTest" name="VerifyLoginWithValidCredentials" time="0.69"/>
  <testcase classname="com.tutorials.qa.testcases.LoginTest" name="VerifyLoginWithValidCredentials" time="0.783"/>
  <testcase classname="com.tutorials.qa.testcases.LoginTest" name="VerifyLoginWithValidCredentials" time="0.705"/>
  <testcase classname="com.tutorials.qa.testcases.LoginTest" name="VerifyLoginWithValidCredentials" time="0.699"/>
  <testcase classname="com.tutorials.qa.testcases.LoginTest" name="VerifyLoginWithValidCredentials" time="0.705"/>
  <testcase classname="com.tutorials.qa.testcases.LoginTest" name="VerifyLoginWithINValidEmailAndinvalidPassword" time="0.47"/>
  <testcase classname="com.tutorials.qa.testcases.LoginTest" name="VerifyLoginWithINValidUsernameAndValidPassword" time="0.466"/>
  <testcase classname="com.tutorials.qa.testcases.LoginTest" name="VerifyNoUserNameandPassword1" time="0.371"/>
  <testcase classname="com.tutorials.qa.testcases.SearchProductTest" name="SearchWithValidProduct" time="0.601"/>
  <testcase classname="com.tutorials.qa.testcases.SearchProductTest" name="SearchWithINValidProduct" time="0.441"/>
  <testcase classname="com.tutorials.qa.testcases.SearchProductTest" name="SearchWithNoProduct" time="0.369"/>
</testsuite> <!-- TutorialNinja Automation TestCases -->
