<?xml version="1.0" encoding="UTF-8"?>
<testng-results ignored="0" total="22" passed="22" failed="0" skipped="0">
  <reporter-output>
  </reporter-output>
  <suite started-at="2023-06-01T11:38:12 EDT" name="TutorialsNinja Automation suite" finished-at="2023-06-01T11:40:03 EDT" duration-ms="111513">
    <groups>
    </groups>
    <test started-at="2023-06-01T11:38:12 EDT" name="TutorialNinja Automation TestCases" finished-at="2023-06-01T11:40:03 EDT" duration-ms="111513">
      <class name="com.tutorials.qa.testcases.SearchProductTest">
        <test-method is-config="true" signature="setup()[pri:0, instance:com.tutorials.qa.testcases.SearchProductTest@13e344d]" started-at="2023-06-01T11:39:52 EDT" name="setup" finished-at="2023-06-01T11:39:55 EDT" duration-ms="3261" status="PASS">
          <reporter-output>
          </reporter-output>
        </test-method> <!-- setup -->
        <test-method signature="SearchWithValidProduct()[pri:1, instance:com.tutorials.qa.testcases.SearchProductTest@13e344d]" started-at="2023-06-01T11:39:55 EDT" name="SearchWithValidProduct" finished-at="2023-06-01T11:39:56 EDT" duration-ms="601" status="PASS">
          <reporter-output>
          </reporter-output>
        </test-method> <!-- SearchWithValidProduct -->
        <test-method is-config="true" signature="setup()[pri:0, instance:com.tutorials.qa.testcases.SearchProductTest@13e344d]" started-at="2023-06-01T11:39:56 EDT" name="setup" finished-at="2023-06-01T11:39:59 EDT" duration-ms="3403" status="PASS">
          <reporter-output>
          </reporter-output>
        </test-method> <!-- setup -->
        <test-method signature="SearchWithINValidProduct()[pri:2, instance:com.tutorials.qa.testcases.SearchProductTest@13e344d]" started-at="2023-06-01T11:39:59 EDT" name="SearchWithINValidProduct" finished-at="2023-06-01T11:40:00 EDT" duration-ms="441" status="PASS">
          <reporter-output>
          </reporter-output>
        </test-method> <!-- SearchWithINValidProduct -->
        <test-method is-config="true" signature="setup()[pri:0, instance:com.tutorials.qa.testcases.SearchProductTest@13e344d]" started-at="2023-06-01T11:40:00 EDT" name="setup" finished-at="2023-06-01T11:40:03 EDT" duration-ms="3338" status="PASS">
          <reporter-output>
          </reporter-output>
        </test-method> <!-- setup -->
        <test-method signature="SearchWithNoProduct()[pri:3, instance:com.tutorials.qa.testcases.SearchProductTest@13e344d]" started-at="2023-06-01T11:40:03 EDT" name="SearchWithNoProduct" finished-at="2023-06-01T11:40:03 EDT" duration-ms="369" status="PASS">
          <reporter-output>
          </reporter-output>
        </test-method> <!-- SearchWithNoProduct -->
      </class> <!-- com.tutorials.qa.testcases.SearchProductTest -->
      <class name="com.tutorials.qa.testcases.RegistrationTest">
        <test-method is-config="true" signature="setup()[pri:0, instance:com.tutorials.qa.testcases.RegistrationTest@71a8adcf]" started-at="2023-06-01T11:38:12 EDT" name="setup" finished-at="2023-06-01T11:38:20 EDT" duration-ms="8337" status="PASS">
          <reporter-output>
          </reporter-output>
        </test-method> <!-- setup -->
        <test-method signature="registerAccountWithMandatoryField()[pri:1, instance:com.tutorials.qa.testcases.RegistrationTest@71a8adcf]" started-at="2023-06-01T11:38:20 EDT" name="registerAccountWithMandatoryField" finished-at="2023-06-01T11:38:21 EDT" duration-ms="1063" status="PASS">
          <reporter-output>
          </reporter-output>
        </test-method> <!-- registerAccountWithMandatoryField -->
        <test-method is-config="true" signature="teardown()[pri:0, instance:com.tutorials.qa.testcases.RegistrationTest@71a8adcf]" started-at="2023-06-01T11:38:21 EDT" name="teardown" finished-at="2023-06-01T11:38:21 EDT" duration-ms="63" status="PASS">
          <reporter-output>
          </reporter-output>
        </test-method> <!-- teardown -->
        <test-method is-config="true" signature="setup()[pri:0, instance:com.tutorials.qa.testcases.RegistrationTest@71a8adcf]" started-at="2023-06-01T11:38:21 EDT" name="setup" finished-at="2023-06-01T11:38:26 EDT" duration-ms="4660" status="PASS">
          <reporter-output>
          </reporter-output>
        </test-method> <!-- setup -->
        <test-method signature="registerWithExistingEmail()[pri:2, instance:com.tutorials.qa.testcases.RegistrationTest@71a8adcf]" started-at="2023-06-01T11:38:26 EDT" name="registerWithExistingEmail" finished-at="2023-06-01T11:38:27 EDT" duration-ms="631" status="PASS">
          <reporter-output>
          </reporter-output>
        </test-method> <!-- registerWithExistingEmail -->
        <test-method is-config="true" signature="teardown()[pri:0, instance:com.tutorials.qa.testcases.RegistrationTest@71a8adcf]" started-at="2023-06-01T11:38:27 EDT" name="teardown" finished-at="2023-06-01T11:38:27 EDT" duration-ms="55" status="PASS">
          <reporter-output>
          </reporter-output>
        </test-method> <!-- teardown -->
        <test-method is-config="true" signature="setup()[pri:0, instance:com.tutorials.qa.testcases.RegistrationTest@71a8adcf]" started-at="2023-06-01T11:38:27 EDT" name="setup" finished-at="2023-06-01T11:38:31 EDT" duration-ms="4522" status="PASS">
          <reporter-output>
          </reporter-output>
        </test-method> <!-- setup -->
        <test-method signature="registerAccountWithAllField()[pri:3, instance:com.tutorials.qa.testcases.RegistrationTest@71a8adcf]" started-at="2023-06-01T11:38:31 EDT" name="registerAccountWithAllField" finished-at="2023-06-01T11:38:32 EDT" duration-ms="928" status="PASS">
          <reporter-output>
          </reporter-output>
        </test-method> <!-- registerAccountWithAllField -->
        <test-method is-config="true" signature="teardown()[pri:0, instance:com.tutorials.qa.testcases.RegistrationTest@71a8adcf]" started-at="2023-06-01T11:38:32 EDT" name="teardown" finished-at="2023-06-01T11:38:32 EDT" duration-ms="65" status="PASS">
          <reporter-output>
          </reporter-output>
        </test-method> <!-- teardown -->
        <test-method is-config="true" signature="setup()[pri:0, instance:com.tutorials.qa.testcases.RegistrationTest@71a8adcf]" started-at="2023-06-01T11:38:32 EDT" name="setup" finished-at="2023-06-01T11:38:37 EDT" duration-ms="4624" status="PASS">
          <reporter-output>
          </reporter-output>
        </test-method> <!-- setup -->
        <test-method signature="registerAccountWithoutaggreingPrivacyPolicy()[pri:4, instance:com.tutorials.qa.testcases.RegistrationTest@71a8adcf]" started-at="2023-06-01T11:38:37 EDT" name="registerAccountWithoutaggreingPrivacyPolicy" finished-at="2023-06-01T11:38:38 EDT" duration-ms="643" status="PASS">
          <reporter-output>
          </reporter-output>
        </test-method> <!-- registerAccountWithoutaggreingPrivacyPolicy -->
        <test-method is-config="true" signature="teardown()[pri:0, instance:com.tutorials.qa.testcases.RegistrationTest@71a8adcf]" started-at="2023-06-01T11:38:38 EDT" name="teardown" finished-at="2023-06-01T11:38:38 EDT" duration-ms="64" status="PASS">
          <reporter-output>
          </reporter-output>
        </test-method> <!-- teardown -->
        <test-method is-config="true" signature="setup()[pri:0, instance:com.tutorials.qa.testcases.RegistrationTest@71a8adcf]" started-at="2023-06-01T11:38:38 EDT" name="setup" finished-at="2023-06-01T11:38:42 EDT" duration-ms="4731" status="PASS">
          <reporter-output>
          </reporter-output>
        </test-method> <!-- setup -->
        <test-method signature="registerAccountWithNofeilds()[pri:5, instance:com.tutorials.qa.testcases.RegistrationTest@71a8adcf]" started-at="2023-06-01T11:38:42 EDT" name="registerAccountWithNofeilds" finished-at="2023-06-01T11:38:43 EDT" duration-ms="449" status="PASS">
          <reporter-output>
          </reporter-output>
        </test-method> <!-- registerAccountWithNofeilds -->
        <test-method is-config="true" signature="teardown()[pri:0, instance:com.tutorials.qa.testcases.RegistrationTest@71a8adcf]" started-at="2023-06-01T11:38:43 EDT" name="teardown" finished-at="2023-06-01T11:38:43 EDT" duration-ms="78" status="PASS">
          <reporter-output>
          </reporter-output>
        </test-method> <!-- teardown -->
      </class> <!-- com.tutorials.qa.testcases.RegistrationTest -->
      <class name="com.tutorials.qa.testcases.LoginTest">
        <test-method is-config="true" signature="setup()[pri:0, instance:com.tutorials.qa.testcases.LoginTest@45099dd3]" started-at="2023-06-01T11:38:43 EDT" name="setup" finished-at="2023-06-01T11:38:47 EDT" duration-ms="4198" status="PASS">
          <reporter-output>
          </reporter-output>
        </test-method> <!-- setup -->
        <test-method signature="VerifyLoginWithValidCredentials(java.lang.String,java.lang.String)[pri:1, instance:com.tutorials.qa.testcases.LoginTest@45099dd3]" started-at="2023-06-01T11:38:47 EDT" name="VerifyLoginWithValidCredentials" data-provider="ninja" finished-at="2023-06-01T11:38:48 EDT" duration-ms="697" status="PASS">
          <params>
            <param index="0">
              <value>
                <![CDATA[seleniumpanda@gmail.com]]>
              </value>
            </param>
            <param index="1">
              <value>
                <![CDATA[Selenium@123]]>
              </value>
            </param>
          </params>
          <reporter-output>
          </reporter-output>
        </test-method> <!-- VerifyLoginWithValidCredentials -->
        <test-method is-config="true" signature="setup()[pri:0, instance:com.tutorials.qa.testcases.LoginTest@45099dd3]" started-at="2023-06-01T11:38:48 EDT" name="setup" finished-at="2023-06-01T11:38:52 EDT" duration-ms="4261" status="PASS">
          <reporter-output>
          </reporter-output>
        </test-method> <!-- setup -->
        <test-method signature="VerifyLoginWithValidCredentials(java.lang.String,java.lang.String)[pri:1, instance:com.tutorials.qa.testcases.LoginTest@45099dd3]" started-at="2023-06-01T11:38:52 EDT" name="VerifyLoginWithValidCredentials" data-provider="ninja" finished-at="2023-06-01T11:38:53 EDT" duration-ms="932" status="PASS">
          <params>
            <param index="0">
              <value>
                <![CDATA[seleniumpanda1@gmail.com]]>
              </value>
            </param>
            <param index="1">
              <value>
                <![CDATA[Selenium@123]]>
              </value>
            </param>
          </params>
          <reporter-output>
          </reporter-output>
        </test-method> <!-- VerifyLoginWithValidCredentials -->
        <test-method is-config="true" signature="setup()[pri:0, instance:com.tutorials.qa.testcases.LoginTest@45099dd3]" started-at="2023-06-01T11:38:53 EDT" name="setup" finished-at="2023-06-01T11:38:58 EDT" duration-ms="4327" status="PASS">
          <reporter-output>
          </reporter-output>
        </test-method> <!-- setup -->
        <test-method signature="VerifyLoginWithValidCredentials(java.lang.String,java.lang.String)[pri:1, instance:com.tutorials.qa.testcases.LoginTest@45099dd3]" started-at="2023-06-01T11:38:58 EDT" name="VerifyLoginWithValidCredentials" data-provider="ninja" finished-at="2023-06-01T11:38:58 EDT" duration-ms="757" status="PASS">
          <params>
            <param index="0">
              <value>
                <![CDATA[seleniumpanda2@gmail.com]]>
              </value>
            </param>
            <param index="1">
              <value>
                <![CDATA[Selenium@123]]>
              </value>
            </param>
          </params>
          <reporter-output>
          </reporter-output>
        </test-method> <!-- VerifyLoginWithValidCredentials -->
        <test-method is-config="true" signature="setup()[pri:0, instance:com.tutorials.qa.testcases.LoginTest@45099dd3]" started-at="2023-06-01T11:38:58 EDT" name="setup" finished-at="2023-06-01T11:39:03 EDT" duration-ms="4301" status="PASS">
          <reporter-output>
          </reporter-output>
        </test-method> <!-- setup -->
        <test-method signature="VerifyLoginWithValidCredentials(java.lang.String,java.lang.String)[pri:1, instance:com.tutorials.qa.testcases.LoginTest@45099dd3]" started-at="2023-06-01T11:39:03 EDT" name="VerifyLoginWithValidCredentials" data-provider="ninja" finished-at="2023-06-01T11:39:03 EDT" duration-ms="712" status="PASS">
          <params>
            <param index="0">
              <value>
                <![CDATA[seleniumpanda3@gmail.com]]>
              </value>
            </param>
            <param index="1">
              <value>
                <![CDATA[Selenium@123]]>
              </value>
            </param>
          </params>
          <reporter-output>
          </reporter-output>
        </test-method> <!-- VerifyLoginWithValidCredentials -->
        <test-method is-config="true" signature="setup()[pri:0, instance:com.tutorials.qa.testcases.LoginTest@45099dd3]" started-at="2023-06-01T11:39:03 EDT" name="setup" finished-at="2023-06-01T11:39:07 EDT" duration-ms="4077" status="PASS">
          <reporter-output>
          </reporter-output>
        </test-method> <!-- setup -->
        <test-method signature="VerifyLoginWithValidCredentials(java.lang.String,java.lang.String)[pri:1, instance:com.tutorials.qa.testcases.LoginTest@45099dd3]" started-at="2023-06-01T11:39:07 EDT" name="VerifyLoginWithValidCredentials" data-provider="ninja" finished-at="2023-06-01T11:39:08 EDT" duration-ms="713" status="PASS">
          <params>
            <param index="0">
              <value>
                <![CDATA[seleniumpanda4@gmail.com]]>
              </value>
            </param>
            <param index="1">
              <value>
                <![CDATA[Selenium@123]]>
              </value>
            </param>
          </params>
          <reporter-output>
          </reporter-output>
        </test-method> <!-- VerifyLoginWithValidCredentials -->
        <test-method is-config="true" signature="setup()[pri:0, instance:com.tutorials.qa.testcases.LoginTest@45099dd3]" started-at="2023-06-01T11:39:08 EDT" name="setup" finished-at="2023-06-01T11:39:12 EDT" duration-ms="4206" status="PASS">
          <reporter-output>
          </reporter-output>
        </test-method> <!-- setup -->
        <test-method signature="VerifyLoginWithValidCredentials(java.lang.String,java.lang.String)[pri:1, instance:com.tutorials.qa.testcases.LoginTest@45099dd3]" started-at="2023-06-01T11:39:12 EDT" name="VerifyLoginWithValidCredentials" data-provider="ninja" finished-at="2023-06-01T11:39:13 EDT" duration-ms="703" status="PASS">
          <params>
            <param index="0">
              <value>
                <![CDATA[seleniumpanda5@gmail.com]]>
              </value>
            </param>
            <param index="1">
              <value>
                <![CDATA[Selenium@123]]>
              </value>
            </param>
          </params>
          <reporter-output>
          </reporter-output>
        </test-method> <!-- VerifyLoginWithValidCredentials -->
        <test-method is-config="true" signature="setup()[pri:0, instance:com.tutorials.qa.testcases.LoginTest@45099dd3]" started-at="2023-06-01T11:39:13 EDT" name="setup" finished-at="2023-06-01T11:39:17 EDT" duration-ms="4258" status="PASS">
          <reporter-output>
          </reporter-output>
        </test-method> <!-- setup -->
        <test-method signature="VerifyLoginWithValidCredentials(java.lang.String,java.lang.String)[pri:1, instance:com.tutorials.qa.testcases.LoginTest@45099dd3]" started-at="2023-06-01T11:39:17 EDT" name="VerifyLoginWithValidCredentials" data-provider="ninja" finished-at="2023-06-01T11:39:18 EDT" duration-ms="690" status="PASS">
          <params>
            <param index="0">
              <value>
                <![CDATA[seleniumpanda6@gmail.com]]>
              </value>
            </param>
            <param index="1">
              <value>
                <![CDATA[Selenium@123]]>
              </value>
            </param>
          </params>
          <reporter-output>
          </reporter-output>
        </test-method> <!-- VerifyLoginWithValidCredentials -->
        <test-method is-config="true" signature="setup()[pri:0, instance:com.tutorials.qa.testcases.LoginTest@45099dd3]" started-at="2023-06-01T11:39:18 EDT" name="setup" finished-at="2023-06-01T11:39:22 EDT" duration-ms="4260" status="PASS">
          <reporter-output>
          </reporter-output>
        </test-method> <!-- setup -->
        <test-method signature="VerifyLoginWithValidCredentials(java.lang.String,java.lang.String)[pri:1, instance:com.tutorials.qa.testcases.LoginTest@45099dd3]" started-at="2023-06-01T11:39:22 EDT" name="VerifyLoginWithValidCredentials" data-provider="ninja" finished-at="2023-06-01T11:39:23 EDT" duration-ms="783" status="PASS">
          <params>
            <param index="0">
              <value>
                <![CDATA[seleniumpanda7@gmail.com]]>
              </value>
            </param>
            <param index="1">
              <value>
                <![CDATA[Selenium@123]]>
              </value>
            </param>
          </params>
          <reporter-output>
          </reporter-output>
        </test-method> <!-- VerifyLoginWithValidCredentials -->
        <test-method is-config="true" signature="setup()[pri:0, instance:com.tutorials.qa.testcases.LoginTest@45099dd3]" started-at="2023-06-01T11:39:23 EDT" name="setup" finished-at="2023-06-01T11:39:27 EDT" duration-ms="4315" status="PASS">
          <reporter-output>
          </reporter-output>
        </test-method> <!-- setup -->
        <test-method signature="VerifyLoginWithValidCredentials(java.lang.String,java.lang.String)[pri:1, instance:com.tutorials.qa.testcases.LoginTest@45099dd3]" started-at="2023-06-01T11:39:27 EDT" name="VerifyLoginWithValidCredentials" data-provider="ninja" finished-at="2023-06-01T11:39:28 EDT" duration-ms="705" status="PASS">
          <params>
            <param index="0">
              <value>
                <![CDATA[seleniumpanda8@gmail.com]]>
              </value>
            </param>
            <param index="1">
              <value>
                <![CDATA[Selenium@123]]>
              </value>
            </param>
          </params>
          <reporter-output>
          </reporter-output>
        </test-method> <!-- VerifyLoginWithValidCredentials -->
        <test-method is-config="true" signature="setup()[pri:0, instance:com.tutorials.qa.testcases.LoginTest@45099dd3]" started-at="2023-06-01T11:39:28 EDT" name="setup" finished-at="2023-06-01T11:39:32 EDT" duration-ms="4169" status="PASS">
          <reporter-output>
          </reporter-output>
        </test-method> <!-- setup -->
        <test-method signature="VerifyLoginWithValidCredentials(java.lang.String,java.lang.String)[pri:1, instance:com.tutorials.qa.testcases.LoginTest@45099dd3]" started-at="2023-06-01T11:39:32 EDT" name="VerifyLoginWithValidCredentials" data-provider="ninja" finished-at="2023-06-01T11:39:33 EDT" duration-ms="699" status="PASS">
          <params>
            <param index="0">
              <value>
                <![CDATA[seleniumpanda9@gmail.com]]>
              </value>
            </param>
            <param index="1">
              <value>
                <![CDATA[Selenium@123]]>
              </value>
            </param>
          </params>
          <reporter-output>
          </reporter-output>
        </test-method> <!-- VerifyLoginWithValidCredentials -->
        <test-method is-config="true" signature="setup()[pri:0, instance:com.tutorials.qa.testcases.LoginTest@45099dd3]" started-at="2023-06-01T11:39:33 EDT" name="setup" finished-at="2023-06-01T11:39:37 EDT" duration-ms="4205" status="PASS">
          <reporter-output>
          </reporter-output>
        </test-method> <!-- setup -->
        <test-method signature="VerifyLoginWithValidCredentials(java.lang.String,java.lang.String)[pri:1, instance:com.tutorials.qa.testcases.LoginTest@45099dd3]" started-at="2023-06-01T11:39:37 EDT" name="VerifyLoginWithValidCredentials" data-provider="ninja" finished-at="2023-06-01T11:39:38 EDT" duration-ms="705" status="PASS">
          <params>
            <param index="0">
              <value>
                <![CDATA[seleniumpanda10@gmail.com]]>
              </value>
            </param>
            <param index="1">
              <value>
                <![CDATA[Selenium@123]]>
              </value>
            </param>
          </params>
          <reporter-output>
          </reporter-output>
        </test-method> <!-- VerifyLoginWithValidCredentials -->
        <test-method is-config="true" signature="setup()[pri:0, instance:com.tutorials.qa.testcases.LoginTest@45099dd3]" started-at="2023-06-01T11:39:38 EDT" name="setup" finished-at="2023-06-01T11:39:42 EDT" duration-ms="4367" status="PASS">
          <reporter-output>
          </reporter-output>
        </test-method> <!-- setup -->
        <test-method signature="VerifyLoginWithINValidEmailAndinvalidPassword()[pri:2, instance:com.tutorials.qa.testcases.LoginTest@45099dd3]" started-at="2023-06-01T11:39:42 EDT" name="VerifyLoginWithINValidEmailAndinvalidPassword" finished-at="2023-06-01T11:39:43 EDT" duration-ms="470" status="PASS">
          <reporter-output>
          </reporter-output>
        </test-method> <!-- VerifyLoginWithINValidEmailAndinvalidPassword -->
        <test-method is-config="true" signature="setup()[pri:0, instance:com.tutorials.qa.testcases.LoginTest@45099dd3]" started-at="2023-06-01T11:39:43 EDT" name="setup" finished-at="2023-06-01T11:39:47 EDT" duration-ms="4299" status="PASS">
          <reporter-output>
          </reporter-output>
        </test-method> <!-- setup -->
        <test-method signature="VerifyLoginWithINValidUsernameAndValidPassword()[pri:3, instance:com.tutorials.qa.testcases.LoginTest@45099dd3]" started-at="2023-06-01T11:39:47 EDT" name="VerifyLoginWithINValidUsernameAndValidPassword" finished-at="2023-06-01T11:39:47 EDT" duration-ms="466" status="PASS">
          <reporter-output>
          </reporter-output>
        </test-method> <!-- VerifyLoginWithINValidUsernameAndValidPassword -->
        <test-method is-config="true" signature="setup()[pri:0, instance:com.tutorials.qa.testcases.LoginTest@45099dd3]" started-at="2023-06-01T11:39:47 EDT" name="setup" finished-at="2023-06-01T11:39:52 EDT" duration-ms="4179" status="PASS">
          <reporter-output>
          </reporter-output>
        </test-method> <!-- setup -->
        <test-method signature="VerifyNoUserNameandPassword1()[pri:4, instance:com.tutorials.qa.testcases.LoginTest@45099dd3]" started-at="2023-06-01T11:39:52 EDT" name="VerifyNoUserNameandPassword1" finished-at="2023-06-01T11:39:52 EDT" duration-ms="371" status="PASS">
          <reporter-output>
          </reporter-output>
        </test-method> <!-- VerifyNoUserNameandPassword1 -->
      </class> <!-- com.tutorials.qa.testcases.LoginTest -->
    </test> <!-- TutorialNinja Automation TestCases -->
  </suite> <!-- TutorialsNinja Automation suite -->
</testng-results>
